<?xml version="1.0" encoding="UTF-8" ?>
<testsuite tests="3" failures="3" name="com.mycompany.mavenfreestyle.MavenFreeStyleTest" time="0.038" errors="0" skipped="0">
  <properties>
[...]
</properties>
  <testcase classname="com.mycompany.mavenfreestyle.MavenFreeStyleTest" name="com.mycompany.mavenfreestyle.MavenFreeStyleTest.testMain" time="0.015">
    <failure message="The test case is a prototype." type="org.opentest4j.AssertionFailedError">org.opentest4j.AssertionFailedError: The test case is a prototype.
	at org.junit.jupiter.api.AssertionUtils.fail(AssertionUtils.java:39)
	at org.junit.jupiter.api.Assertions.fail(Assertions.java:109)
	at com.mycompany.mavenfreestyle.MavenFreeStyleTest.testMain(MavenFreeStyleTest.java:32)
</failure>
    <system-out>main
Hello World!
</system-out>
  </testcase>
  <testcase classname="com.mycompany.mavenfreestyle.MavenFreeStyleTest" name="com.mycompany.mavenfreestyle.MavenFreeStyleTest.testFibonacci" time="0.023">
    <failure message="expected: &lt;true&gt; but was: &lt;false&gt;" type="org.opentest4j.AssertionFailedError">org.opentest4j.AssertionFailedError: expected: &lt;true&gt; but was: &lt;false&gt;
	at org.junit.jupiter.api.AssertionUtils.fail(AssertionUtils.java:55)
	at org.junit.jupiter.api.AssertTrue.assertTrue(AssertTrue.java:40)
	at org.junit.jupiter.api.AssertTrue.assertTrue(AssertTrue.java:35)
	at org.junit.jupiter.api.Assertions.assertTrue(Assertions.java:162)
	at com.mycompany.mavenfreestyle.MavenFreeStyleTest.testFibonacci(MavenFreeStyleTest.java:39)
</failure>
  </testcase>
  <testcase classname="com.mycompany.mavenfreestyle.MavenFreeStyleTest" name="com.mycompany.mavenfreestyle.MavenFreeStyleTest.testFibonacci2" time="0">
    <failure message="expected: &lt;true&gt; but was: &lt;false&gt;" type="org.opentest4j.AssertionFailedError">org.opentest4j.AssertionFailedError: expected: &lt;true&gt; but was: &lt;false&gt;
	at org.junit.jupiter.api.AssertionUtils.fail(AssertionUtils.java:55)
	at org.junit.jupiter.api.AssertTrue.assertTrue(AssertTrue.java:40)
	at org.junit.jupiter.api.AssertTrue.assertTrue(AssertTrue.java:35)
	at org.junit.jupiter.api.Assertions.assertTrue(Assertions.java:162)
	at com.mycompany.mavenfreestyle.MavenFreeStyleTest.testFibonacci2(MavenFreeStyleTest.java:45)
</failure>
  </testcase>
</testsuite>